{"/home/emil/kurser/tdp013/tdp013_projekt/app.js":{"path":"/home/emil/kurser/tdp013/tdp013_projekt/app.js","s":{"1":1,"2":1,"3":1,"4":1,"5":1,"6":1,"7":1,"8":1,"9":1,"10":1,"11":1,"12":1,"13":1,"14":1,"15":1,"16":1,"17":1,"18":1,"19":1,"20":1,"21":1,"22":1,"23":3,"24":3,"25":3,"26":0,"27":3,"28":1,"29":2,"30":1,"31":1,"32":1,"33":3,"34":3,"35":3,"36":0,"37":3,"38":1,"39":1,"40":2,"41":2,"42":2,"43":2,"44":2,"45":2,"46":2,"47":1,"48":3,"49":1,"50":20,"51":1,"52":9,"53":1,"54":8,"55":1,"56":1,"57":1,"58":1,"59":1,"60":1,"61":1,"62":1,"63":1,"64":1,"65":1,"66":1,"67":1,"68":1,"69":1,"70":1,"71":1,"72":1,"73":1,"74":1,"75":1,"76":1,"77":1,"78":1,"79":1,"80":1,"81":0,"82":1,"83":1,"84":1,"85":2,"86":2,"87":2,"88":1,"89":1,"90":2,"91":2,"92":2,"93":0,"94":2,"95":1,"96":1,"97":1,"98":1,"99":1,"100":1,"101":0,"102":1,"103":1,"104":1,"105":1,"106":1,"107":1,"108":1,"109":1,"110":0,"111":1,"112":1,"113":2,"114":1,"115":1,"116":2,"117":2,"118":2,"119":2,"120":0,"121":2,"122":2,"123":2,"124":1,"125":1,"126":1,"127":2,"128":2,"129":2,"130":1,"131":1,"132":2,"133":2,"134":0,"135":2,"136":1,"137":2,"138":1,"139":1,"140":1,"141":1,"142":1,"143":1,"144":1,"145":1,"146":1,"147":1,"148":1,"149":1,"150":1,"151":1,"152":1,"153":2,"154":2,"155":1,"156":1,"157":2,"158":2,"159":0,"160":2,"161":2,"162":2,"163":1,"164":2,"165":2,"166":0,"167":2,"168":2,"169":1,"170":1,"171":1,"172":1,"173":1,"174":2,"175":2,"176":0,"177":2,"178":2,"179":1,"180":1,"181":1,"182":3,"183":3,"184":1,"185":1,"186":1,"187":1,"188":1,"189":1,"190":1,"191":1,"192":1,"193":1,"194":1,"195":1,"196":1,"197":0,"198":0,"199":0,"200":1,"201":1,"202":0,"203":1},"b":{"1":[0,3],"2":[1,2],"3":[1,1],"4":[0,3],"5":[1,2],"6":[1,8],"7":[1,1],"8":[1,0],"9":[1,0],"10":[0,1],"11":[1,1],"12":[0,2],"13":[0,1],"14":[0,1],"15":[1,1],"16":[0,2],"17":[1,1],"18":[0,2],"19":[1,1],"20":[0,2],"21":[1,1],"22":[0,2],"23":[1,0],"24":[1,0],"25":[0,1]},"f":{"1":3,"2":3,"3":3,"4":3,"5":3,"6":3,"7":3,"8":20,"9":9,"10":1,"11":1,"12":1,"13":1,"14":2,"15":2,"16":1,"17":1,"18":1,"19":1,"20":2,"21":2,"22":1,"23":2,"24":2,"25":1,"26":1,"27":1,"28":1,"29":2,"30":2,"31":1,"32":2,"33":1,"34":3,"35":1,"36":1,"37":1,"38":1,"39":0,"40":0},"fnMap":{"1":{"name":"(anonymous_1)","line":44,"loc":{"start":{"line":44,"column":2},"end":{"line":44,"column":42}}},"2":{"name":"(anonymous_2)","line":45,"loc":{"start":{"line":45,"column":21},"end":{"line":45,"column":32}}},"3":{"name":"(anonymous_3)","line":46,"loc":{"start":{"line":46,"column":45},"end":{"line":46,"column":64}}},"4":{"name":"(anonymous_4)","line":63,"loc":{"start":{"line":63,"column":3},"end":{"line":63,"column":43}}},"5":{"name":"(anonymous_5)","line":67,"loc":{"start":{"line":67,"column":21},"end":{"line":67,"column":32}}},"6":{"name":"(anonymous_6)","line":71,"loc":{"start":{"line":71,"column":48},"end":{"line":71,"column":68}}},"7":{"name":"(anonymous_7)","line":102,"loc":{"start":{"line":102,"column":23},"end":{"line":102,"column":44}}},"8":{"name":"(anonymous_8)","line":106,"loc":{"start":{"line":106,"column":25},"end":{"line":106,"column":46}}},"9":{"name":"(anonymous_9)","line":111,"loc":{"start":{"line":111,"column":11},"end":{"line":111,"column":35}}},"10":{"name":"(anonymous_10)","line":155,"loc":{"start":{"line":155,"column":13},"end":{"line":155,"column":31}}},"11":{"name":"(anonymous_11)","line":160,"loc":{"start":{"line":160,"column":24},"end":{"line":160,"column":42}}},"12":{"name":"(anonymous_12)","line":166,"loc":{"start":{"line":166,"column":24},"end":{"line":166,"column":42}}},"13":{"name":"(anonymous_13)","line":174,"loc":{"start":{"line":174,"column":38},"end":{"line":174,"column":57}}},"14":{"name":"(anonymous_14)","line":187,"loc":{"start":{"line":187,"column":27},"end":{"line":187,"column":45}}},"15":{"name":"(anonymous_15)","line":198,"loc":{"start":{"line":198,"column":81},"end":{"line":198,"column":100}}},"16":{"name":"(anonymous_16)","line":212,"loc":{"start":{"line":212,"column":26},"end":{"line":212,"column":44}}},"17":{"name":"(anonymous_17)","line":218,"loc":{"start":{"line":218,"column":39},"end":{"line":218,"column":58}}},"18":{"name":"(anonymous_18)","line":234,"loc":{"start":{"line":234,"column":29},"end":{"line":234,"column":47}}},"19":{"name":"(anonymous_19)","line":241,"loc":{"start":{"line":241,"column":111},"end":{"line":241,"column":130}}},"20":{"name":"(anonymous_20)","line":258,"loc":{"start":{"line":258,"column":27},"end":{"line":258,"column":45}}},"21":{"name":"(anonymous_21)","line":267,"loc":{"start":{"line":267,"column":39},"end":{"line":267,"column":58}}},"22":{"name":"(anonymous_22)","line":280,"loc":{"start":{"line":280,"column":23},"end":{"line":280,"column":42}}},"23":{"name":"(anonymous_23)","line":286,"loc":{"start":{"line":286,"column":19},"end":{"line":286,"column":38}}},"24":{"name":"(anonymous_24)","line":300,"loc":{"start":{"line":300,"column":58},"end":{"line":300,"column":77}}},"25":{"name":"(anonymous_25)","line":305,"loc":{"start":{"line":305,"column":15},"end":{"line":305,"column":29}}},"26":{"name":"(anonymous_26)","line":319,"loc":{"start":{"line":319,"column":20},"end":{"line":319,"column":39}}},"27":{"name":"(anonymous_27)","line":328,"loc":{"start":{"line":328,"column":26},"end":{"line":328,"column":63}}},"28":{"name":"(anonymous_28)","line":332,"loc":{"start":{"line":332,"column":28},"end":{"line":332,"column":40}}},"29":{"name":"(anonymous_29)","line":342,"loc":{"start":{"line":342,"column":28},"end":{"line":342,"column":47}}},"30":{"name":"(anonymous_30)","line":354,"loc":{"start":{"line":354,"column":58},"end":{"line":354,"column":77}}},"31":{"name":"(anonymous_31)","line":391,"loc":{"start":{"line":391,"column":21},"end":{"line":391,"column":40}}},"32":{"name":"(anonymous_32)","line":397,"loc":{"start":{"line":397,"column":61},"end":{"line":397,"column":80}}},"33":{"name":"(anonymous_33)","line":410,"loc":{"start":{"line":410,"column":57},"end":{"line":410,"column":76}}},"34":{"name":"(anonymous_34)","line":415,"loc":{"start":{"line":415,"column":20},"end":{"line":415,"column":38}}},"35":{"name":"start","line":427,"loc":{"start":{"line":427,"column":0},"end":{"line":427,"column":17}}},"36":{"name":"(anonymous_36)","line":431,"loc":{"start":{"line":431,"column":35},"end":{"line":431,"column":45}}},"37":{"name":"clearDb","line":436,"loc":{"start":{"line":436,"column":0},"end":{"line":436,"column":19}}},"38":{"name":"(anonymous_38)","line":437,"loc":{"start":{"line":437,"column":20},"end":{"line":437,"column":34}}},"39":{"name":"(anonymous_39)","line":450,"loc":{"start":{"line":450,"column":8},"end":{"line":450,"column":47}}},"40":{"name":"(anonymous_40)","line":453,"loc":{"start":{"line":453,"column":11},"end":{"line":453,"column":34}}}},"statementMap":{"1":{"start":{"line":1,"column":0},"end":{"line":1,"column":33}},"2":{"start":{"line":2,"column":0},"end":{"line":2,"column":27}},"3":{"start":{"line":4,"column":0},"end":{"line":4,"column":27}},"4":{"start":{"line":5,"column":0},"end":{"line":5,"column":35}},"5":{"start":{"line":6,"column":0},"end":{"line":6,"column":44}},"6":{"start":{"line":7,"column":0},"end":{"line":7,"column":40}},"7":{"start":{"line":8,"column":0},"end":{"line":8,"column":31}},"8":{"start":{"line":9,"column":0},"end":{"line":9,"column":41}},"9":{"start":{"line":10,"column":0},"end":{"line":10,"column":39}},"10":{"start":{"line":11,"column":0},"end":{"line":11,"column":43}},"11":{"start":{"line":12,"column":0},"end":{"line":12,"column":55}},"12":{"start":{"line":13,"column":0},"end":{"line":13,"column":35}},"13":{"start":{"line":14,"column":0},"end":{"line":14,"column":51}},"14":{"start":{"line":15,"column":0},"end":{"line":15,"column":27}},"15":{"start":{"line":16,"column":0},"end":{"line":16,"column":42}},"16":{"start":{"line":17,"column":0},"end":{"line":17,"column":37}},"17":{"start":{"line":19,"column":0},"end":{"line":19,"column":39}},"18":{"start":{"line":20,"column":0},"end":{"line":20,"column":23}},"19":{"start":{"line":23,"column":0},"end":{"line":23,"column":34}},"20":{"start":{"line":24,"column":0},"end":{"line":24,"column":31}},"21":{"start":{"line":26,"column":0},"end":{"line":26,"column":29}},"22":{"start":{"line":40,"column":0},"end":{"line":56,"column":4}},"23":{"start":{"line":45,"column":4},"end":{"line":55,"column":6}},"24":{"start":{"line":46,"column":1},"end":{"line":54,"column":3}},"25":{"start":{"line":47,"column":5},"end":{"line":48,"column":19}},"26":{"start":{"line":48,"column":2},"end":{"line":48,"column":19}},"27":{"start":{"line":49,"column":5},"end":{"line":50,"column":62}},"28":{"start":{"line":50,"column":2},"end":{"line":50,"column":62}},"29":{"start":{"line":51,"column":5},"end":{"line":52,"column":62}},"30":{"start":{"line":52,"column":2},"end":{"line":52,"column":62}},"31":{"start":{"line":53,"column":5},"end":{"line":53,"column":29}},"32":{"start":{"line":58,"column":0},"end":{"line":97,"column":4}},"33":{"start":{"line":67,"column":4},"end":{"line":95,"column":7}},"34":{"start":{"line":71,"column":1},"end":{"line":93,"column":4}},"35":{"start":{"line":73,"column":5},"end":{"line":74,"column":19}},"36":{"start":{"line":74,"column":2},"end":{"line":74,"column":19}},"37":{"start":{"line":77,"column":5},"end":{"line":91,"column":6}},"38":{"start":{"line":79,"column":2},"end":{"line":79,"column":29}},"39":{"start":{"line":80,"column":2},"end":{"line":80,"column":27}},"40":{"start":{"line":83,"column":2},"end":{"line":83,"column":27}},"41":{"start":{"line":84,"column":2},"end":{"line":84,"column":36}},"42":{"start":{"line":85,"column":2},"end":{"line":85,"column":36}},"43":{"start":{"line":86,"column":2},"end":{"line":86,"column":41}},"44":{"start":{"line":87,"column":2},"end":{"line":87,"column":39}},"45":{"start":{"line":89,"column":2},"end":{"line":89,"column":32}},"46":{"start":{"line":90,"column":2},"end":{"line":90,"column":29}},"47":{"start":{"line":102,"column":0},"end":{"line":104,"column":3}},"48":{"start":{"line":103,"column":4},"end":{"line":103,"column":21}},"49":{"start":{"line":106,"column":0},"end":{"line":108,"column":3}},"50":{"start":{"line":107,"column":4},"end":{"line":107,"column":21}},"51":{"start":{"line":111,"column":0},"end":{"line":117,"column":2}},"52":{"start":{"line":113,"column":2},"end":{"line":116,"column":10}},"53":{"start":{"line":114,"column":3},"end":{"line":114,"column":17}},"54":{"start":{"line":116,"column":3},"end":{"line":116,"column":10}},"55":{"start":{"line":121,"column":0},"end":{"line":121,"column":20}},"56":{"start":{"line":124,"column":0},"end":{"line":124,"column":42}},"57":{"start":{"line":125,"column":0},"end":{"line":125,"column":39}},"58":{"start":{"line":126,"column":0},"end":{"line":126,"column":30}},"59":{"start":{"line":129,"column":0},"end":{"line":129,"column":23}},"60":{"start":{"line":130,"column":0},"end":{"line":130,"column":16}},"61":{"start":{"line":131,"column":0},"end":{"line":131,"column":24}},"62":{"start":{"line":132,"column":0},"end":{"line":132,"column":27}},"63":{"start":{"line":134,"column":0},"end":{"line":139,"column":4}},"64":{"start":{"line":141,"column":0},"end":{"line":141,"column":31}},"65":{"start":{"line":142,"column":0},"end":{"line":142,"column":28}},"66":{"start":{"line":143,"column":0},"end":{"line":143,"column":37}},"67":{"start":{"line":145,"column":0},"end":{"line":145,"column":56}},"68":{"start":{"line":149,"column":0},"end":{"line":151,"column":1}},"69":{"start":{"line":150,"column":2},"end":{"line":150,"column":26}},"70":{"start":{"line":155,"column":0},"end":{"line":157,"column":3}},"71":{"start":{"line":156,"column":2},"end":{"line":156,"column":44}},"72":{"start":{"line":160,"column":0},"end":{"line":164,"column":3}},"73":{"start":{"line":161,"column":4},"end":{"line":161,"column":32}},"74":{"start":{"line":163,"column":4},"end":{"line":163,"column":35}},"75":{"start":{"line":166,"column":0},"end":{"line":185,"column":3}},"76":{"start":{"line":168,"column":4},"end":{"line":168,"column":37}},"77":{"start":{"line":169,"column":4},"end":{"line":171,"column":5}},"78":{"start":{"line":170,"column":1},"end":{"line":170,"column":26}},"79":{"start":{"line":174,"column":4},"end":{"line":183,"column":7}},"80":{"start":{"line":175,"column":1},"end":{"line":181,"column":2}},"81":{"start":{"line":176,"column":5},"end":{"line":176,"column":15}},"82":{"start":{"line":179,"column":5},"end":{"line":179,"column":61}},"83":{"start":{"line":182,"column":1},"end":{"line":182,"column":22}},"84":{"start":{"line":187,"column":0},"end":{"line":210,"column":3}},"85":{"start":{"line":188,"column":4},"end":{"line":188,"column":62}},"86":{"start":{"line":190,"column":4},"end":{"line":190,"column":29}},"87":{"start":{"line":191,"column":4},"end":{"line":195,"column":5}},"88":{"start":{"line":192,"column":1},"end":{"line":192,"column":44}},"89":{"start":{"line":194,"column":1},"end":{"line":194,"column":34}},"90":{"start":{"line":196,"column":4},"end":{"line":196,"column":48}},"91":{"start":{"line":198,"column":4},"end":{"line":209,"column":7}},"92":{"start":{"line":199,"column":1},"end":{"line":207,"column":2}},"93":{"start":{"line":201,"column":5},"end":{"line":201,"column":15}},"94":{"start":{"line":208,"column":1},"end":{"line":208,"column":16}},"95":{"start":{"line":212,"column":0},"end":{"line":232,"column":3}},"96":{"start":{"line":214,"column":4},"end":{"line":214,"column":34}},"97":{"start":{"line":216,"column":4},"end":{"line":216,"column":63}},"98":{"start":{"line":217,"column":4},"end":{"line":217,"column":21}},"99":{"start":{"line":218,"column":4},"end":{"line":228,"column":7}},"100":{"start":{"line":219,"column":1},"end":{"line":226,"column":2}},"101":{"start":{"line":220,"column":5},"end":{"line":220,"column":15}},"102":{"start":{"line":223,"column":5},"end":{"line":223,"column":60}},"103":{"start":{"line":227,"column":1},"end":{"line":227,"column":24}},"104":{"start":{"line":234,"column":0},"end":{"line":254,"column":3}},"105":{"start":{"line":237,"column":4},"end":{"line":237,"column":32}},"106":{"start":{"line":238,"column":4},"end":{"line":238,"column":41}},"107":{"start":{"line":239,"column":4},"end":{"line":239,"column":39}},"108":{"start":{"line":241,"column":4},"end":{"line":251,"column":7}},"109":{"start":{"line":242,"column":1},"end":{"line":249,"column":2}},"110":{"start":{"line":243,"column":5},"end":{"line":243,"column":15}},"111":{"start":{"line":250,"column":1},"end":{"line":250,"column":24}},"112":{"start":{"line":258,"column":0},"end":{"line":278,"column":3}},"113":{"start":{"line":261,"column":4},"end":{"line":264,"column":31}},"114":{"start":{"line":262,"column":1},"end":{"line":262,"column":35}},"115":{"start":{"line":264,"column":1},"end":{"line":264,"column":31}},"116":{"start":{"line":265,"column":4},"end":{"line":265,"column":38}},"117":{"start":{"line":266,"column":4},"end":{"line":266,"column":21}},"118":{"start":{"line":267,"column":4},"end":{"line":276,"column":7}},"119":{"start":{"line":268,"column":1},"end":{"line":274,"column":2}},"120":{"start":{"line":269,"column":5},"end":{"line":269,"column":15}},"121":{"start":{"line":272,"column":5},"end":{"line":272,"column":57}},"122":{"start":{"line":273,"column":5},"end":{"line":273,"column":31}},"123":{"start":{"line":275,"column":1},"end":{"line":275,"column":20}},"124":{"start":{"line":280,"column":0},"end":{"line":284,"column":3}},"125":{"start":{"line":283,"column":4},"end":{"line":283,"column":39}},"126":{"start":{"line":286,"column":0},"end":{"line":317,"column":3}},"127":{"start":{"line":290,"column":4},"end":{"line":290,"column":24}},"128":{"start":{"line":291,"column":4},"end":{"line":291,"column":20}},"129":{"start":{"line":292,"column":4},"end":{"line":298,"column":5}},"130":{"start":{"line":294,"column":1},"end":{"line":294,"column":28}},"131":{"start":{"line":297,"column":1},"end":{"line":297,"column":32}},"132":{"start":{"line":300,"column":4},"end":{"line":314,"column":7}},"133":{"start":{"line":301,"column":1},"end":{"line":304,"column":2}},"134":{"start":{"line":303,"column":5},"end":{"line":303,"column":15}},"135":{"start":{"line":305,"column":1},"end":{"line":312,"column":4}},"136":{"start":{"line":309,"column":5},"end":{"line":309,"column":65}},"137":{"start":{"line":313,"column":1},"end":{"line":313,"column":22}},"138":{"start":{"line":319,"column":0},"end":{"line":340,"column":3}},"139":{"start":{"line":320,"column":4},"end":{"line":320,"column":16}},"140":{"start":{"line":321,"column":4},"end":{"line":321,"column":70}},"141":{"start":{"line":322,"column":4},"end":{"line":322,"column":25}},"142":{"start":{"line":323,"column":4},"end":{"line":323,"column":65}},"143":{"start":{"line":325,"column":4},"end":{"line":325,"column":29}},"144":{"start":{"line":326,"column":4},"end":{"line":326,"column":68}},"145":{"start":{"line":327,"column":4},"end":{"line":327,"column":25}},"146":{"start":{"line":328,"column":4},"end":{"line":335,"column":7}},"147":{"start":{"line":329,"column":8},"end":{"line":329,"column":46}},"148":{"start":{"line":330,"column":8},"end":{"line":330,"column":99}},"149":{"start":{"line":331,"column":8},"end":{"line":331,"column":27}},"150":{"start":{"line":332,"column":8},"end":{"line":334,"column":11}},"151":{"start":{"line":333,"column":12},"end":{"line":333,"column":23}},"152":{"start":{"line":342,"column":0},"end":{"line":387,"column":3}},"153":{"start":{"line":347,"column":4},"end":{"line":347,"column":20}},"154":{"start":{"line":348,"column":4},"end":{"line":352,"column":5}},"155":{"start":{"line":349,"column":1},"end":{"line":349,"column":28}},"156":{"start":{"line":351,"column":1},"end":{"line":351,"column":30}},"157":{"start":{"line":354,"column":4},"end":{"line":383,"column":7}},"158":{"start":{"line":355,"column":1},"end":{"line":358,"column":2}},"159":{"start":{"line":357,"column":5},"end":{"line":357,"column":15}},"160":{"start":{"line":360,"column":1},"end":{"line":360,"column":42}},"161":{"start":{"line":361,"column":1},"end":{"line":361,"column":16}},"162":{"start":{"line":362,"column":1},"end":{"line":364,"column":2}},"163":{"start":{"line":363,"column":5},"end":{"line":363,"column":43}},"164":{"start":{"line":365,"column":1},"end":{"line":365,"column":12}},"165":{"start":{"line":366,"column":1},"end":{"line":371,"column":2}},"166":{"start":{"line":368,"column":5},"end":{"line":368,"column":19}},"167":{"start":{"line":370,"column":5},"end":{"line":370,"column":20}},"168":{"start":{"line":381,"column":1},"end":{"line":381,"column":18}},"169":{"start":{"line":391,"column":0},"end":{"line":395,"column":3}},"170":{"start":{"line":392,"column":4},"end":{"line":392,"column":26}},"171":{"start":{"line":393,"column":4},"end":{"line":393,"column":105}},"172":{"start":{"line":394,"column":2},"end":{"line":394,"column":51}},"173":{"start":{"line":397,"column":0},"end":{"line":407,"column":3}},"174":{"start":{"line":398,"column":4},"end":{"line":403,"column":5}},"175":{"start":{"line":399,"column":1},"end":{"line":399,"column":69}},"176":{"start":{"line":402,"column":1},"end":{"line":402,"column":11}},"177":{"start":{"line":404,"column":4},"end":{"line":404,"column":46}},"178":{"start":{"line":406,"column":4},"end":{"line":406,"column":23}},"179":{"start":{"line":410,"column":0},"end":{"line":412,"column":3}},"180":{"start":{"line":411,"column":2},"end":{"line":411,"column":21}},"181":{"start":{"line":415,"column":0},"end":{"line":418,"column":3}},"182":{"start":{"line":416,"column":2},"end":{"line":416,"column":15}},"183":{"start":{"line":417,"column":2},"end":{"line":417,"column":16}},"184":{"start":{"line":425,"column":0},"end":{"line":425,"column":36}},"185":{"start":{"line":427,"column":0},"end":{"line":434,"column":1}},"186":{"start":{"line":428,"column":4},"end":{"line":430,"column":5}},"187":{"start":{"line":429,"column":1},"end":{"line":429,"column":11}},"188":{"start":{"line":431,"column":4},"end":{"line":433,"column":7}},"189":{"start":{"line":432,"column":1},"end":{"line":432,"column":68}},"190":{"start":{"line":436,"column":0},"end":{"line":440,"column":1}},"191":{"start":{"line":437,"column":4},"end":{"line":439,"column":7}},"192":{"start":{"line":438,"column":1},"end":{"line":438,"column":39}},"193":{"start":{"line":442,"column":0},"end":{"line":442,"column":45}},"194":{"start":{"line":443,"column":0},"end":{"line":443,"column":49}},"195":{"start":{"line":444,"column":0},"end":{"line":444,"column":50}},"196":{"start":{"line":445,"column":0},"end":{"line":457,"column":4}},"197":{"start":{"line":451,"column":4},"end":{"line":451,"column":24}},"198":{"start":{"line":454,"column":6},"end":{"line":454,"column":39}},"199":{"start":{"line":455,"column":6},"end":{"line":455,"column":25}},"200":{"start":{"line":458,"column":0},"end":{"line":458,"column":49}},"201":{"start":{"line":461,"column":0},"end":{"line":464,"column":1}},"202":{"start":{"line":463,"column":4},"end":{"line":463,"column":12}},"203":{"start":{"line":467,"column":0},"end":{"line":467,"column":22}}},"branchMap":{"1":{"line":47,"type":"if","locations":[{"start":{"line":47,"column":5},"end":{"line":47,"column":5}},{"start":{"line":47,"column":5},"end":{"line":47,"column":5}}]},"2":{"line":49,"type":"if","locations":[{"start":{"line":49,"column":5},"end":{"line":49,"column":5}},{"start":{"line":49,"column":5},"end":{"line":49,"column":5}}]},"3":{"line":51,"type":"if","locations":[{"start":{"line":51,"column":5},"end":{"line":51,"column":5}},{"start":{"line":51,"column":5},"end":{"line":51,"column":5}}]},"4":{"line":73,"type":"if","locations":[{"start":{"line":73,"column":5},"end":{"line":73,"column":5}},{"start":{"line":73,"column":5},"end":{"line":73,"column":5}}]},"5":{"line":77,"type":"if","locations":[{"start":{"line":77,"column":5},"end":{"line":77,"column":5}},{"start":{"line":77,"column":5},"end":{"line":77,"column":5}}]},"6":{"line":113,"type":"if","locations":[{"start":{"line":113,"column":2},"end":{"line":113,"column":2}},{"start":{"line":113,"column":2},"end":{"line":113,"column":2}}]},"7":{"line":124,"type":"binary-expr","locations":[{"start":{"line":124,"column":16},"end":{"line":124,"column":32}},{"start":{"line":124,"column":36},"end":{"line":124,"column":40}}]},"8":{"line":149,"type":"if","locations":[{"start":{"line":149,"column":0},"end":{"line":149,"column":0}},{"start":{"line":149,"column":0},"end":{"line":149,"column":0}}]},"9":{"line":169,"type":"if","locations":[{"start":{"line":169,"column":4},"end":{"line":169,"column":4}},{"start":{"line":169,"column":4},"end":{"line":169,"column":4}}]},"10":{"line":175,"type":"if","locations":[{"start":{"line":175,"column":1},"end":{"line":175,"column":1}},{"start":{"line":175,"column":1},"end":{"line":175,"column":1}}]},"11":{"line":191,"type":"if","locations":[{"start":{"line":191,"column":4},"end":{"line":191,"column":4}},{"start":{"line":191,"column":4},"end":{"line":191,"column":4}}]},"12":{"line":199,"type":"if","locations":[{"start":{"line":199,"column":1},"end":{"line":199,"column":1}},{"start":{"line":199,"column":1},"end":{"line":199,"column":1}}]},"13":{"line":219,"type":"if","locations":[{"start":{"line":219,"column":1},"end":{"line":219,"column":1}},{"start":{"line":219,"column":1},"end":{"line":219,"column":1}}]},"14":{"line":242,"type":"if","locations":[{"start":{"line":242,"column":1},"end":{"line":242,"column":1}},{"start":{"line":242,"column":1},"end":{"line":242,"column":1}}]},"15":{"line":261,"type":"if","locations":[{"start":{"line":261,"column":4},"end":{"line":261,"column":4}},{"start":{"line":261,"column":4},"end":{"line":261,"column":4}}]},"16":{"line":268,"type":"if","locations":[{"start":{"line":268,"column":1},"end":{"line":268,"column":1}},{"start":{"line":268,"column":1},"end":{"line":268,"column":1}}]},"17":{"line":292,"type":"if","locations":[{"start":{"line":292,"column":4},"end":{"line":292,"column":4}},{"start":{"line":292,"column":4},"end":{"line":292,"column":4}}]},"18":{"line":301,"type":"if","locations":[{"start":{"line":301,"column":1},"end":{"line":301,"column":1}},{"start":{"line":301,"column":1},"end":{"line":301,"column":1}}]},"19":{"line":348,"type":"if","locations":[{"start":{"line":348,"column":4},"end":{"line":348,"column":4}},{"start":{"line":348,"column":4},"end":{"line":348,"column":4}}]},"20":{"line":355,"type":"if","locations":[{"start":{"line":355,"column":1},"end":{"line":355,"column":1}},{"start":{"line":355,"column":1},"end":{"line":355,"column":1}}]},"21":{"line":362,"type":"if","locations":[{"start":{"line":362,"column":1},"end":{"line":362,"column":1}},{"start":{"line":362,"column":1},"end":{"line":362,"column":1}}]},"22":{"line":366,"type":"if","locations":[{"start":{"line":366,"column":1},"end":{"line":366,"column":1}},{"start":{"line":366,"column":1},"end":{"line":366,"column":1}}]},"23":{"line":394,"type":"cond-expr","locations":[{"start":{"line":394,"column":35},"end":{"line":394,"column":43}},{"start":{"line":394,"column":46},"end":{"line":394,"column":49}}]},"24":{"line":428,"type":"if","locations":[{"start":{"line":428,"column":4},"end":{"line":428,"column":4}},{"start":{"line":428,"column":4},"end":{"line":428,"column":4}}]},"25":{"line":461,"type":"if","locations":[{"start":{"line":461,"column":0},"end":{"line":461,"column":0}},{"start":{"line":461,"column":0},"end":{"line":461,"column":0}}]}}},"/home/emil/kurser/tdp013/tdp013_projekt/functions.js":{"path":"/home/emil/kurser/tdp013/tdp013_projekt/functions.js","s":{"1":1,"2":2,"3":2,"4":2,"5":2,"6":0,"7":2,"8":2,"9":0,"10":1,"11":1,"12":1,"13":1,"14":0,"15":1,"16":2,"17":2,"18":2,"19":2,"20":1,"21":1,"22":2,"23":2,"24":0,"25":0,"26":1,"27":1,"28":1},"b":{"1":[0,2],"2":[0,1],"3":[0,0]},"f":{"1":2,"2":2,"3":1,"4":1,"5":2},"fnMap":{"1":{"name":"createUser","line":5,"loc":{"start":{"line":5,"column":0},"end":{"line":5,"column":26}}},"2":{"name":"(anonymous_2)","line":9,"loc":{"start":{"line":9,"column":11},"end":{"line":9,"column":25}}},"3":{"name":"findUsers","line":22,"loc":{"start":{"line":22,"column":0},"end":{"line":22,"column":30}}},"4":{"name":"(anonymous_4)","line":24,"loc":{"start":{"line":24,"column":18},"end":{"line":24,"column":39}}},"5":{"name":"mkdirSync","line":44,"loc":{"start":{"line":44,"column":0},"end":{"line":44,"column":29}}}},"statementMap":{"1":{"start":{"line":5,"column":0},"end":{"line":19,"column":1}},"2":{"start":{"line":7,"column":4},"end":{"line":7,"column":22}},"3":{"start":{"line":8,"column":4},"end":{"line":17,"column":5}},"4":{"start":{"line":9,"column":1},"end":{"line":13,"column":4}},"5":{"start":{"line":10,"column":5},"end":{"line":11,"column":12}},"6":{"start":{"line":11,"column":2},"end":{"line":11,"column":12}},"7":{"start":{"line":12,"column":5},"end":{"line":12,"column":33}},"8":{"start":{"line":14,"column":1},"end":{"line":14,"column":33}},"9":{"start":{"line":16,"column":1},"end":{"line":16,"column":61}},"10":{"start":{"line":22,"column":0},"end":{"line":42,"column":1}},"11":{"start":{"line":23,"column":4},"end":{"line":23,"column":22}},"12":{"start":{"line":24,"column":4},"end":{"line":41,"column":7}},"13":{"start":{"line":25,"column":1},"end":{"line":39,"column":2}},"14":{"start":{"line":27,"column":5},"end":{"line":27,"column":15}},"15":{"start":{"line":30,"column":5},"end":{"line":38,"column":6}},"16":{"start":{"line":32,"column":2},"end":{"line":32,"column":16}},"17":{"start":{"line":33,"column":2},"end":{"line":33,"column":64}},"18":{"start":{"line":34,"column":2},"end":{"line":34,"column":32}},"19":{"start":{"line":37,"column":2},"end":{"line":37,"column":22}},"20":{"start":{"line":40,"column":1},"end":{"line":40,"column":20}},"21":{"start":{"line":44,"column":0},"end":{"line":50,"column":1}},"22":{"start":{"line":45,"column":4},"end":{"line":49,"column":5}},"23":{"start":{"line":46,"column":1},"end":{"line":46,"column":20}},"24":{"start":{"line":48,"column":1},"end":{"line":48,"column":35}},"25":{"start":{"line":48,"column":27},"end":{"line":48,"column":35}},"26":{"start":{"line":52,"column":0},"end":{"line":52,"column":32}},"27":{"start":{"line":53,"column":0},"end":{"line":53,"column":30}},"28":{"start":{"line":54,"column":0},"end":{"line":54,"column":30}}},"branchMap":{"1":{"line":10,"type":"if","locations":[{"start":{"line":10,"column":5},"end":{"line":10,"column":5}},{"start":{"line":10,"column":5},"end":{"line":10,"column":5}}]},"2":{"line":25,"type":"if","locations":[{"start":{"line":25,"column":1},"end":{"line":25,"column":1}},{"start":{"line":25,"column":1},"end":{"line":25,"column":1}}]},"3":{"line":48,"type":"if","locations":[{"start":{"line":48,"column":1},"end":{"line":48,"column":1}},{"start":{"line":48,"column":1},"end":{"line":48,"column":1}}]}}},"/home/emil/kurser/tdp013/tdp013_projekt/db.js":{"path":"/home/emil/kurser/tdp013/tdp013_projekt/db.js","s":{"1":1},"b":{},"f":{},"fnMap":{},"statementMap":{"1":{"start":{"line":1,"column":0},"end":{"line":5,"column":2}}},"branchMap":{}},"/home/emil/kurser/tdp013/tdp013_projekt/user.js":{"path":"/home/emil/kurser/tdp013/tdp013_projekt/user.js","s":{"1":1,"2":1,"3":1},"b":{},"f":{},"fnMap":{},"statementMap":{"1":{"start":{"line":1,"column":0},"end":{"line":1,"column":35}},"2":{"start":{"line":3,"column":0},"end":{"line":13,"column":3}},"3":{"start":{"line":15,"column":0},"end":{"line":15,"column":52}}},"branchMap":{}},"/home/emil/kurser/tdp013/tdp013_projekt/socket.js":{"path":"/home/emil/kurser/tdp013/tdp013_projekt/socket.js","s":{"1":1,"2":1,"3":1,"4":1,"5":3,"6":3,"7":1,"8":1,"9":1},"b":{},"f":{"1":1,"2":1},"fnMap":{"1":{"name":"(anonymous_1)","line":15,"loc":{"start":{"line":15,"column":17},"end":{"line":15,"column":35}}},"2":{"name":"(anonymous_2)","line":18,"loc":{"start":{"line":18,"column":30},"end":{"line":18,"column":46}}}},"statementMap":{"1":{"start":{"line":15,"column":0},"end":{"line":40,"column":2}},"2":{"start":{"line":18,"column":4},"end":{"line":38,"column":7}},"3":{"start":{"line":20,"column":1},"end":{"line":20,"column":61}},"4":{"start":{"line":21,"column":1},"end":{"line":25,"column":2}},"5":{"start":{"line":23,"column":5},"end":{"line":23,"column":26}},"6":{"start":{"line":24,"column":5},"end":{"line":24,"column":20}},"7":{"start":{"line":27,"column":1},"end":{"line":27,"column":61}},"8":{"start":{"line":28,"column":1},"end":{"line":32,"column":4}},"9":{"start":{"line":33,"column":1},"end":{"line":37,"column":4}}},"branchMap":{}}}