TN:
SF:/home/emil/kurser/tdp013/tdp013_projekt/app.js
FN:44,(anonymous_1)
FN:45,(anonymous_2)
FN:46,(anonymous_3)
FN:63,(anonymous_4)
FN:67,(anonymous_5)
FN:71,(anonymous_6)
FN:102,(anonymous_7)
FN:106,(anonymous_8)
FN:111,(anonymous_9)
FN:155,(anonymous_10)
FN:160,(anonymous_11)
FN:166,(anonymous_12)
FN:174,(anonymous_13)
FN:187,(anonymous_14)
FN:198,(anonymous_15)
FN:212,(anonymous_16)
FN:218,(anonymous_17)
FN:234,(anonymous_18)
FN:241,(anonymous_19)
FN:258,(anonymous_20)
FN:267,(anonymous_21)
FN:280,(anonymous_22)
FN:286,(anonymous_23)
FN:300,(anonymous_24)
FN:305,(anonymous_25)
FN:319,(anonymous_26)
FN:328,(anonymous_27)
FN:332,(anonymous_28)
FN:342,(anonymous_29)
FN:354,(anonymous_30)
FN:391,(anonymous_31)
FN:397,(anonymous_32)
FN:410,(anonymous_33)
FN:415,(anonymous_34)
FN:427,start
FN:431,(anonymous_36)
FN:436,clearDb
FN:437,(anonymous_38)
FN:450,(anonymous_39)
FN:453,(anonymous_40)
FNF:40
FNH:38
FNDA:3,(anonymous_1)
FNDA:3,(anonymous_2)
FNDA:3,(anonymous_3)
FNDA:3,(anonymous_4)
FNDA:3,(anonymous_5)
FNDA:3,(anonymous_6)
FNDA:3,(anonymous_7)
FNDA:20,(anonymous_8)
FNDA:9,(anonymous_9)
FNDA:1,(anonymous_10)
FNDA:1,(anonymous_11)
FNDA:1,(anonymous_12)
FNDA:1,(anonymous_13)
FNDA:2,(anonymous_14)
FNDA:2,(anonymous_15)
FNDA:1,(anonymous_16)
FNDA:1,(anonymous_17)
FNDA:1,(anonymous_18)
FNDA:1,(anonymous_19)
FNDA:2,(anonymous_20)
FNDA:2,(anonymous_21)
FNDA:1,(anonymous_22)
FNDA:2,(anonymous_23)
FNDA:2,(anonymous_24)
FNDA:1,(anonymous_25)
FNDA:1,(anonymous_26)
FNDA:1,(anonymous_27)
FNDA:1,(anonymous_28)
FNDA:2,(anonymous_29)
FNDA:2,(anonymous_30)
FNDA:1,(anonymous_31)
FNDA:2,(anonymous_32)
FNDA:1,(anonymous_33)
FNDA:3,(anonymous_34)
FNDA:1,start
FNDA:1,(anonymous_36)
FNDA:1,clearDb
FNDA:1,(anonymous_38)
FNDA:0,(anonymous_39)
FNDA:0,(anonymous_40)
DA:1,1
DA:2,1
DA:4,1
DA:5,1
DA:6,1
DA:7,1
DA:8,1
DA:9,1
DA:10,1
DA:11,1
DA:12,1
DA:13,1
DA:14,1
DA:15,1
DA:16,1
DA:17,1
DA:19,1
DA:20,1
DA:23,1
DA:24,1
DA:26,1
DA:40,1
DA:45,3
DA:46,3
DA:47,3
DA:48,0
DA:49,3
DA:50,1
DA:51,2
DA:52,1
DA:53,1
DA:58,1
DA:67,3
DA:71,3
DA:73,3
DA:74,0
DA:77,3
DA:79,1
DA:80,1
DA:83,2
DA:84,2
DA:85,2
DA:86,2
DA:87,2
DA:89,2
DA:90,2
DA:102,1
DA:103,3
DA:106,1
DA:107,20
DA:111,1
DA:113,9
DA:114,1
DA:116,8
DA:121,1
DA:124,1
DA:125,1
DA:126,1
DA:129,1
DA:130,1
DA:131,1
DA:132,1
DA:134,1
DA:141,1
DA:142,1
DA:143,1
DA:145,1
DA:149,1
DA:150,1
DA:155,1
DA:156,1
DA:160,1
DA:161,1
DA:163,1
DA:166,1
DA:168,1
DA:169,1
DA:170,1
DA:174,1
DA:175,1
DA:176,0
DA:179,1
DA:182,1
DA:187,1
DA:188,2
DA:190,2
DA:191,2
DA:192,1
DA:194,1
DA:196,2
DA:198,2
DA:199,2
DA:201,0
DA:208,2
DA:212,1
DA:214,1
DA:216,1
DA:217,1
DA:218,1
DA:219,1
DA:220,0
DA:223,1
DA:227,1
DA:234,1
DA:237,1
DA:238,1
DA:239,1
DA:241,1
DA:242,1
DA:243,0
DA:250,1
DA:258,1
DA:261,2
DA:262,1
DA:264,1
DA:265,2
DA:266,2
DA:267,2
DA:268,2
DA:269,0
DA:272,2
DA:273,2
DA:275,2
DA:280,1
DA:283,1
DA:286,1
DA:290,2
DA:291,2
DA:292,2
DA:294,1
DA:297,1
DA:300,2
DA:301,2
DA:303,0
DA:305,2
DA:309,1
DA:313,2
DA:319,1
DA:320,1
DA:321,1
DA:322,1
DA:323,1
DA:325,1
DA:326,1
DA:327,1
DA:328,1
DA:329,1
DA:330,1
DA:331,1
DA:332,1
DA:333,1
DA:342,1
DA:347,2
DA:348,2
DA:349,1
DA:351,1
DA:354,2
DA:355,2
DA:357,0
DA:360,2
DA:361,2
DA:362,2
DA:363,1
DA:365,2
DA:366,2
DA:368,0
DA:370,2
DA:381,2
DA:391,1
DA:392,1
DA:393,1
DA:394,1
DA:397,1
DA:398,2
DA:399,2
DA:402,0
DA:404,2
DA:406,2
DA:410,1
DA:411,1
DA:415,1
DA:416,3
DA:417,3
DA:425,1
DA:427,1
DA:428,1
DA:429,1
DA:431,1
DA:432,1
DA:436,1
DA:437,1
DA:438,1
DA:442,1
DA:443,1
DA:444,1
DA:445,1
DA:451,0
DA:454,0
DA:455,0
DA:458,1
DA:461,1
DA:463,0
DA:467,1
LF:203
LH:188
BRDA:47,1,0,0
BRDA:47,1,1,3
BRDA:49,2,0,1
BRDA:49,2,1,2
BRDA:51,3,0,1
BRDA:51,3,1,1
BRDA:73,4,0,0
BRDA:73,4,1,3
BRDA:77,5,0,1
BRDA:77,5,1,2
BRDA:113,6,0,1
BRDA:113,6,1,8
BRDA:124,7,0,1
BRDA:124,7,1,1
BRDA:149,8,0,1
BRDA:149,8,1,0
BRDA:169,9,0,1
BRDA:169,9,1,0
BRDA:175,10,0,0
BRDA:175,10,1,1
BRDA:191,11,0,1
BRDA:191,11,1,1
BRDA:199,12,0,0
BRDA:199,12,1,2
BRDA:219,13,0,0
BRDA:219,13,1,1
BRDA:242,14,0,0
BRDA:242,14,1,1
BRDA:261,15,0,1
BRDA:261,15,1,1
BRDA:268,16,0,0
BRDA:268,16,1,2
BRDA:292,17,0,1
BRDA:292,17,1,1
BRDA:301,18,0,0
BRDA:301,18,1,2
BRDA:348,19,0,1
BRDA:348,19,1,1
BRDA:355,20,0,0
BRDA:355,20,1,2
BRDA:362,21,0,1
BRDA:362,21,1,1
BRDA:366,22,0,0
BRDA:366,22,1,2
BRDA:394,23,0,1
BRDA:394,23,1,0
BRDA:428,24,0,1
BRDA:428,24,1,0
BRDA:461,25,0,0
BRDA:461,25,1,1
BRF:50
BRH:35
end_of_record
TN:
SF:/home/emil/kurser/tdp013/tdp013_projekt/functions.js
FN:5,createUser
FN:9,(anonymous_2)
FN:22,findUsers
FN:24,(anonymous_4)
FN:44,mkdirSync
FNF:5
FNH:5
FNDA:2,createUser
FNDA:2,(anonymous_2)
FNDA:1,findUsers
FNDA:1,(anonymous_4)
FNDA:2,mkdirSync
DA:5,1
DA:7,2
DA:8,2
DA:9,2
DA:10,2
DA:11,0
DA:12,2
DA:14,2
DA:16,0
DA:22,1
DA:23,1
DA:24,1
DA:25,1
DA:27,0
DA:30,1
DA:32,2
DA:33,2
DA:34,2
DA:37,2
DA:40,1
DA:44,1
DA:45,2
DA:46,2
DA:48,0
DA:52,1
DA:53,1
DA:54,1
LF:27
LH:23
BRDA:10,1,0,0
BRDA:10,1,1,2
BRDA:25,2,0,0
BRDA:25,2,1,1
BRDA:48,3,0,0
BRDA:48,3,1,0
BRF:6
BRH:2
end_of_record
TN:
SF:/home/emil/kurser/tdp013/tdp013_projekt/db.js
FNF:0
FNH:0
DA:1,1
LF:1
LH:1
BRF:0
BRH:0
end_of_record
TN:
SF:/home/emil/kurser/tdp013/tdp013_projekt/user.js
FNF:0
FNH:0
DA:1,1
DA:3,1
DA:15,1
LF:3
LH:3
BRF:0
BRH:0
end_of_record
TN:
SF:/home/emil/kurser/tdp013/tdp013_projekt/socket.js
FN:15,(anonymous_1)
FN:18,(anonymous_2)
FNF:2
FNH:2
FNDA:1,(anonymous_1)
FNDA:1,(anonymous_2)
DA:15,1
DA:18,1
DA:20,1
DA:21,1
DA:23,3
DA:24,3
DA:27,1
DA:28,1
DA:33,1
LF:9
LH:9
BRF:0
BRH:0
end_of_record
